0 verbose cli /usr/local/bin/node /usr/local/bin/npm
1 info using npm@11.6.1
2 info using node@v24.11.0
3 silly config load:file:/usr/local/lib/node_modules/npm/npmrc
4 silly config load:file:/Users/davidollivier/Documents/Antigravity/Site KMC/.npmrc
5 silly config load:file:/Users/davidollivier/.npmrc
6 silly config load:file:/usr/local/etc/npmrc
7 verbose title npm run build
8 verbose argv "run" "build"
9 verbose logfile logs-max:10 dir:/Users/davidollivier/Documents/Antigravity/Site KMC/.npm-cache/_logs/2026-05-27T17_54_15_572Z-
10 verbose logfile /Users/davidollivier/Documents/Antigravity/Site KMC/.npm-cache/_logs/2026-05-27T17_54_15_572Z-debug-0.log
11 silly logfile start cleaning logs, removing 1 files
12 silly logfile done cleaning log files
13 http fetch GET 200 https://registry.npmjs.org/npm 183ms
14 verbose cwd /Users/davidollivier/Documents/Antigravity/Site KMC
15 verbose os Darwin 25.4.0
16 verbose node v24.11.0
17 verbose npm  v11.6.1
18 notice
18 notice New minor version of npm available! 11.6.1 -> 11.15.0
18 notice Changelog: https://github.com/npm/cli/releases/tag/v11.15.0
18 notice To update run: npm install -g npm@11.15.0
18 notice  { force: true, Symbol(proc-log.meta): true }
19 verbose exit 0
20 info ok
